<?xml version="1.0" encoding="UTF-8" standalone="no"?>
<testsuite failures="1" name="cucumber.runtime.formatter.JUnitFormatter" skipped="0" tests="1" time="0.02506">
<testcase classname="Nopcommerce Login" name="Nopcommerce Login Test" time="0.02506">
<failure message="java.lang.NullPointerException&#13;&#10;&#9;at BrowserSelector.openSelectedBrowser(BrowserSelector.java:28)&#13;&#10;&#9;at Hooks.openBrowser(Hooks.java:19)&#13;&#10;&#9;at sun.reflect.NativeMethodAccessorImpl.invoke0(Native Method)&#13;&#10;&#9;at sun.reflect.NativeMethodAccessorImpl.invoke(NativeMethodAccessorImpl.java:62)&#13;&#10;&#9;at sun.reflect.DelegatingMethodAccessorImpl.invoke(DelegatingMethodAccessorImpl.java:43)&#13;&#10;&#9;at java.lang.reflect.Method.invoke(Method.java:498)&#13;&#10;&#9;at cucumber.runtime.Utils$1.call(Utils.java:40)&#13;&#10;&#9;at cucumber.runtime.Timeout.timeout(Timeout.java:16)&#13;&#10;&#9;at cucumber.runtime.Utils.invoke(Utils.java:34)&#13;&#10;&#9;at cucumber.runtime.java.JavaHookDefinition.execute(JavaHookDefinition.java:60)&#13;&#10;&#9;at cucumber.runtime.Runtime.runHookIfTagsMatch(Runtime.java:224)&#13;&#10;&#9;at cucumber.runtime.Runtime.runHooks(Runtime.java:212)&#13;&#10;&#9;at cucumber.runtime.Runtime.runBeforeHooks(Runtime.java:202)&#13;&#10;&#9;at cucumber.runtime.model.CucumberScenario.run(CucumberScenario.java:40)&#13;&#10;&#9;at cucumber.runtime.junit.ExecutionUnitRunner.run(ExecutionUnitRunner.java:102)&#13;&#10;&#9;at cucumber.runtime.junit.FeatureRunner.runChild(FeatureRunner.java:63)&#13;&#10;&#9;at cucumber.runtime.junit.FeatureRunner.runChild(FeatureRunner.java:18)&#13;&#10;&#9;at org.junit.runners.ParentRunner$3.run(ParentRunner.java:238)&#13;&#10;&#9;at org.junit.runners.ParentRunner$1.schedule(ParentRunner.java:63)&#13;&#10;&#9;at org.junit.runners.ParentRunner.runChildren(ParentRunner.java:236)&#13;&#10;&#9;at org.junit.runners.ParentRunner.access$000(ParentRunner.java:53)&#13;&#10;&#9;at org.junit.runners.ParentRunner$2.evaluate(ParentRunner.java:229)&#13;&#10;&#9;at org.junit.runners.ParentRunner.run(ParentRunner.java:309)&#13;&#10;&#9;at cucumber.runtime.junit.FeatureRunner.run(FeatureRunner.java:70)&#13;&#10;&#9;at cucumber.api.junit.Cucumber.runChild(Cucumber.java:95)&#13;&#10;&#9;at cucumber.api.junit.Cucumber.runChild(Cucumber.java:38)&#13;&#10;&#9;at org.junit.runners.ParentRunner$3.run(ParentRunner.java:238)&#13;&#10;&#9;at org.junit.runners.ParentRunner$1.schedule(ParentRunner.java:63)&#13;&#10;&#9;at org.junit.runners.ParentRunner.runChildren(ParentRunner.java:236)&#13;&#10;&#9;at org.junit.runners.ParentRunner.access$000(ParentRunner.java:53)&#13;&#10;&#9;at org.junit.runners.ParentRunner$2.evaluate(ParentRunner.java:229)&#13;&#10;&#9;at org.junit.runners.ParentRunner.run(ParentRunner.java:309)&#13;&#10;&#9;at cucumber.api.junit.Cucumber.run(Cucumber.java:100)&#13;&#10;&#9;at org.junit.runner.JUnitCore.run(JUnitCore.java:160)&#13;&#10;&#9;at com.intellij.junit4.JUnit4IdeaTestRunner.startRunnerWithArgs(JUnit4IdeaTestRunner.java:69)&#13;&#10;&#9;at com.intellij.rt.junit.IdeaTestRunner$Repeater.startRunnerWithArgs(IdeaTestRunner.java:33)&#13;&#10;&#9;at com.intellij.rt.junit.JUnitStarter.prepareStreamsAndStart(JUnitStarter.java:235)&#13;&#10;&#9;at com.intellij.rt.junit.JUnitStarter.main(JUnitStarter.java:54)&#13;&#10;"><![CDATA[Given User click on Login Option............................................skipped
And User is on login page and Verify the Login page Title...................skipped
When User Enter Username and Password and Click on Login....................skipped
Then User is on Homepage....................................................skipped

StackTrace:
java.lang.NullPointerException
	at BrowserSelector.openSelectedBrowser(BrowserSelector.java:28)
	at Hooks.openBrowser(Hooks.java:19)
	at sun.reflect.NativeMethodAccessorImpl.invoke0(Native Method)
	at sun.reflect.NativeMethodAccessorImpl.invoke(NativeMethodAccessorImpl.java:62)
	at sun.reflect.DelegatingMethodAccessorImpl.invoke(DelegatingMethodAccessorImpl.java:43)
	at java.lang.reflect.Method.invoke(Method.java:498)
	at cucumber.runtime.Utils$1.call(Utils.java:40)
	at cucumber.runtime.Timeout.timeout(Timeout.java:16)
	at cucumber.runtime.Utils.invoke(Utils.java:34)
	at cucumber.runtime.java.JavaHookDefinition.execute(JavaHookDefinition.java:60)
	at cucumber.runtime.Runtime.runHookIfTagsMatch(Runtime.java:224)
	at cucumber.runtime.Runtime.runHooks(Runtime.java:212)
	at cucumber.runtime.Runtime.runBeforeHooks(Runtime.java:202)
	at cucumber.runtime.model.CucumberScenario.run(CucumberScenario.java:40)
	at cucumber.runtime.junit.ExecutionUnitRunner.run(ExecutionUnitRunner.java:102)
	at cucumber.runtime.junit.FeatureRunner.runChild(FeatureRunner.java:63)
	at cucumber.runtime.junit.FeatureRunner.runChild(FeatureRunner.java:18)
	at org.junit.runners.ParentRunner$3.run(ParentRunner.java:238)
	at org.junit.runners.ParentRunner$1.schedule(ParentRunner.java:63)
	at org.junit.runners.ParentRunner.runChildren(ParentRunner.java:236)
	at org.junit.runners.ParentRunner.access$000(ParentRunner.java:53)
	at org.junit.runners.ParentRunner$2.evaluate(ParentRunner.java:229)
	at org.junit.runners.ParentRunner.run(ParentRunner.java:309)
	at cucumber.runtime.junit.FeatureRunner.run(FeatureRunner.java:70)
	at cucumber.api.junit.Cucumber.runChild(Cucumber.java:95)
	at cucumber.api.junit.Cucumber.runChild(Cucumber.java:38)
	at org.junit.runners.ParentRunner$3.run(ParentRunner.java:238)
	at org.junit.runners.ParentRunner$1.schedule(ParentRunner.java:63)
	at org.junit.runners.ParentRunner.runChildren(ParentRunner.java:236)
	at org.junit.runners.ParentRunner.access$000(ParentRunner.java:53)
	at org.junit.runners.ParentRunner$2.evaluate(ParentRunner.java:229)
	at org.junit.runners.ParentRunner.run(ParentRunner.java:309)
	at cucumber.api.junit.Cucumber.run(Cucumber.java:100)
	at org.junit.runner.JUnitCore.run(JUnitCore.java:160)
	at com.intellij.junit4.JUnit4IdeaTestRunner.startRunnerWithArgs(JUnit4IdeaTestRunner.java:69)
	at com.intellij.rt.junit.IdeaTestRunner$Repeater.startRunnerWithArgs(IdeaTestRunner.java:33)
	at com.intellij.rt.junit.JUnitStarter.prepareStreamsAndStart(JUnitStarter.java:235)
	at com.intellij.rt.junit.JUnitStarter.main(JUnitStarter.java:54)
]]></failure>
</testcase>
</testsuite>
